[0m20:37:40.683902 [debug] [MainThread]: Sending event: {'category': 'dbt', 'action': 'invocation', 'label': 'start', 'context': [<snowplow_tracker.self_describing_json.SelfDescribingJson object at 0x10c65bdd0>, <snowplow_tracker.self_describing_json.SelfDescribingJson object at 0x10c6bef50>, <snowplow_tracker.self_describing_json.SelfDescribingJson object at 0x10c6bf5d0>]}


============================== 20:37:40.694277 | f61bd3b4-1df9-430f-8d92-4c9896b14278 ==============================
[0m20:37:40.694277 [info ] [MainThread]: Running with dbt=1.7.2
[0m20:37:40.695036 [debug] [MainThread]: running dbt with arguments {'printer_width': '80', 'indirect_selection': 'eager', 'log_cache_events': 'False', 'write_json': 'True', 'partial_parse': 'True', 'cache_selected_only': 'False', 'warn_error': 'None', 'debug': 'False', 'version_check': 'True', 'log_path': 'logs', 'profiles_dir': '/Users/muhammadraza/.dbt', 'fail_fast': 'False', 'use_colors': 'True', 'use_experimental_parser': 'False', 'no_print': 'None', 'quiet': 'False', 'log_format': 'default', 'static_parser': 'True', 'invocation_command': 'dbt init deel_analytics_engineer', 'introspect': 'True', 'target_path': 'None', 'warn_error_options': 'WarnErrorOptions(include=[], exclude=[])', 'send_anonymous_usage_stats': 'True'}
[0m20:37:40.696330 [debug] [MainThread]: Starter project path: /usr/local/lib/python3.11/site-packages/dbt/include/starter_project
[0m20:37:40.706673 [info ] [MainThread]: 
Your new dbt project "deel_analytics_engineer" was created!

For more information on how to configure the profiles.yml file,
please consult the dbt documentation here:

  https://docs.getdbt.com/docs/configure-your-profile

One more thing:

Need help? Don't hesitate to reach out to us via GitHub issues or on Slack:

  https://community.getdbt.com/

Happy modeling!

[0m20:37:40.707277 [info ] [MainThread]: Setting up your profile.
[0m20:43:34.818482 [info ] [MainThread]: Profile deel_analytics_engineer written to /Users/muhammadraza/.dbt/profiles.yml using target's profile_template.yml and your supplied values. Run 'dbt debug' to validate the connection.
[0m20:43:34.819332 [debug] [MainThread]: Resource report: {"command_name": "init", "command_success": true, "command_wall_clock_time": 354.22565, "process_user_time": 4.376643, "process_kernel_time": 0.986151, "process_mem_max_rss": "223703040", "process_in_blocks": "0", "process_out_blocks": "0"}
[0m20:43:34.820207 [debug] [MainThread]: Command `dbt init` succeeded at 20:43:34.820008 after 354.23 seconds
[0m20:43:34.820726 [debug] [MainThread]: Sending event: {'category': 'dbt', 'action': 'invocation', 'label': 'end', 'context': [<snowplow_tracker.self_describing_json.SelfDescribingJson object at 0x1071c7f50>, <snowplow_tracker.self_describing_json.SelfDescribingJson object at 0x127e93510>, <snowplow_tracker.self_describing_json.SelfDescribingJson object at 0x107137ed0>]}
[0m20:43:34.821254 [debug] [MainThread]: Flushing usage events
